<?xml version="1.0" encoding="UTF-8"?>
<!-- Generated by org.testng.reporters.JUnitReportReporter -->
<testsuite hostname="DESKTOP-FS64AAR" failures="0" tests="2" name="com.crmtestcases.ContactsPageTest" time="51.635" errors="0" timestamp="2020-03-16T16:32:00 IST" skipped="0">
  <testcase classname="com.crmtestcases.ContactsPageTest" name="addNewContact" time="25.044"/>
  <system-out/>
  <testcase classname="com.crmtestcases.ContactsPageTest" name="addNewContact" time="26.591"/>
  <system-out/>
</testsuite> <!-- com.crmtestcases.ContactsPageTest -->
