<?xml version="1.0" encoding="UTF-8"?>
<!-- Generated by org.testng.reporters.JUnitReportReporter -->
<testsuite hostname="DESKTOP-FS64AAR" failures="0" tests="2" name="com.crmtestcases.LoginPageTest" time="1.409" errors="0" timestamp="2020-03-14T17:26:54 IST" skipped="0">
  <testcase classname="com.crmtestcases.LoginPageTest" name="validate_title" time="0.020"/>
  <system-out/>
  <testcase classname="com.crmtestcases.LoginPageTest" name="login" time="1.389"/>
  <system-out/>
</testsuite> <!-- com.crmtestcases.LoginPageTest -->
